*** Using Compiler 'V5.06 update 7 (build 960)', folder: 'D:\l\ARM\ARMCC\Bin'
Build target 'STM32F40_41xxx'
compiling system_stm32f4xx.c...
compiling main.c...
compiling stm32f4xx_it.c...
compiling stm32f4xx_wwdg.c...
compiling stm32f4xx_fmpi2c.c...
compiling stm32f4xx_pwr.c...
compiling stm32f4xx_hash.c...
compiling stm32f4xx_dma2d.c...
compiling stm32f4xx_spi.c...
compiling stm32f4xx_flash.c...
compiling stm32f4xx_ltdc.c...
compiling stm32f4xx_dfsdm.c...
compiling stm32f4xx_dbgmcu.c...
compiling stm32f4xx_sdio.c...
compiling stm32f4xx_iwdg.c...
compiling stm32f4xx_cryp_tdes.c...
compiling stm32f4xx_tim.c...
compiling stm32f4xx_cryp_des.c...
compiling stm32f4xx_adc.c...
compiling stm32f4xx_cryp.c...
compiling stm32f4xx_rtc.c...
compiling stm32f4xx_cryp_aes.c...
compiling stm32f4xx_spdifrx.c...
compiling stm32f4xx_i2c.c...
compiling stm32f4xx_usart.c...
compiling stm32f4xx_sai.c...
compiling stm32f4xx_crc.c...
compiling stm32f4xx_rng.c...
compiling misc.c...
compiling stm32f4xx_exti.c...
compiling stm32f4xx_lptim.c...
compiling stm32f4xx_dac.c...
compiling stm32f4xx_fsmc.c...
compiling stm32f4xx_dcmi.c...
compiling stm32f4xx_can.c...
compiling stm32f4xx_rcc.c...
compiling stm32f4xx_hash_md5.c...
compiling stm32f4xx_gpio.c...
compiling stm32f4xx_syscfg.c...
compiling stm32f4xx_hash_sha1.c...
compiling stm32f4xx_dma.c...
linking...
Program Size: Code=996 RO-data=424 RW-data=20 ZI-data=1044  
"STM32F40_41xxx\STM32F40_41xxx.axf" - 0 Error(s), 0 Warning(s).
Build Time Elapsed:  00:00:05
